2018-06-09 16:24:43 -Validating all active sessions...
2018-06-09 16:24:43 -Finished session validation.  No sessions were stopped.
2018-06-09 16:25:33 -WebSocketSession[0 current WS(0)-HttpStream(0)-HttpPoll(0), 0 total, 0 closed abnormally (0 connect failure, 0 send limit, 0 transport error)], stompSubProtocol[processed CONNECT(0)-CONNECTED(0)-DISCONNECT(0)], stompBrokerRelay[null], inboundChannel[pool size = 0, active threads = 0, queued tasks = 0, completed tasks = 0], outboundChannelpool size = 0, active threads = 0, queued tasks = 0, completed tasks = 0], sockJsScheduler[pool size = 5, active threads = 1, queued tasks = 0, completed tasks = 4]
2018-06-09 16:55:33 -WebSocketSession[0 current WS(0)-HttpStream(0)-HttpPoll(0), 0 total, 0 closed abnormally (0 connect failure, 0 send limit, 0 transport error)], stompSubProtocol[processed CONNECT(0)-CONNECTED(0)-DISCONNECT(0)], stompBrokerRelay[null], inboundChannel[pool size = 0, active threads = 0, queued tasks = 0, completed tasks = 0], outboundChannelpool size = 0, active threads = 0, queued tasks = 0, completed tasks = 0], sockJsScheduler[pool size = 6, active threads = 1, queued tasks = 0, completed tasks = 5]
2018-06-09 17:24:43 -Validating all active sessions...
2018-06-09 17:24:43 -Finished session validation.  No sessions were stopped.
2018-06-09 17:25:33 -WebSocketSession[0 current WS(0)-HttpStream(0)-HttpPoll(0), 0 total, 0 closed abnormally (0 connect failure, 0 send limit, 0 transport error)], stompSubProtocol[processed CONNECT(0)-CONNECTED(0)-DISCONNECT(0)], stompBrokerRelay[null], inboundChannel[pool size = 0, active threads = 0, queued tasks = 0, completed tasks = 0], outboundChannelpool size = 0, active threads = 0, queued tasks = 0, completed tasks = 0], sockJsScheduler[pool size = 7, active threads = 1, queued tasks = 0, completed tasks = 6]
2018-06-09 17:55:33 -WebSocketSession[0 current WS(0)-HttpStream(0)-HttpPoll(0), 0 total, 0 closed abnormally (0 connect failure, 0 send limit, 0 transport error)], stompSubProtocol[processed CONNECT(0)-CONNECTED(0)-DISCONNECT(0)], stompBrokerRelay[null], inboundChannel[pool size = 0, active threads = 0, queued tasks = 0, completed tasks = 0], outboundChannelpool size = 0, active threads = 0, queued tasks = 0, completed tasks = 0], sockJsScheduler[pool size = 8, active threads = 1, queued tasks = 0, completed tasks = 7]
2018-06-09 18:24:43 -Validating all active sessions...
2018-06-09 18:24:43 -Finished session validation.  No sessions were stopped.
2018-06-09 18:25:33 -WebSocketSession[0 current WS(0)-HttpStream(0)-HttpPoll(0), 0 total, 0 closed abnormally (0 connect failure, 0 send limit, 0 transport error)], stompSubProtocol[processed CONNECT(0)-CONNECTED(0)-DISCONNECT(0)], stompBrokerRelay[null], inboundChannel[pool size = 0, active threads = 0, queued tasks = 0, completed tasks = 0], outboundChannelpool size = 0, active threads = 0, queued tasks = 0, completed tasks = 0], sockJsScheduler[pool size = 8, active threads = 1, queued tasks = 0, completed tasks = 8]
2018-06-09 18:55:33 -WebSocketSession[0 current WS(0)-HttpStream(0)-HttpPoll(0), 0 total, 0 closed abnormally (0 connect failure, 0 send limit, 0 transport error)], stompSubProtocol[processed CONNECT(0)-CONNECTED(0)-DISCONNECT(0)], stompBrokerRelay[null], inboundChannel[pool size = 0, active threads = 0, queued tasks = 0, completed tasks = 0], outboundChannelpool size = 0, active threads = 0, queued tasks = 0, completed tasks = 0], sockJsScheduler[pool size = 8, active threads = 1, queued tasks = 0, completed tasks = 9]
2018-06-09 19:24:43 -Validating all active sessions...
2018-06-09 19:24:43 -Finished session validation.  No sessions were stopped.
2018-06-09 19:25:33 -WebSocketSession[0 current WS(0)-HttpStream(0)-HttpPoll(0), 0 total, 0 closed abnormally (0 connect failure, 0 send limit, 0 transport error)], stompSubProtocol[processed CONNECT(0)-CONNECTED(0)-DISCONNECT(0)], stompBrokerRelay[null], inboundChannel[pool size = 0, active threads = 0, queued tasks = 0, completed tasks = 0], outboundChannelpool size = 0, active threads = 0, queued tasks = 0, completed tasks = 0], sockJsScheduler[pool size = 8, active threads = 1, queued tasks = 0, completed tasks = 10]
2018-06-09 19:55:33 -WebSocketSession[0 current WS(0)-HttpStream(0)-HttpPoll(0), 0 total, 0 closed abnormally (0 connect failure, 0 send limit, 0 transport error)], stompSubProtocol[processed CONNECT(0)-CONNECTED(0)-DISCONNECT(0)], stompBrokerRelay[null], inboundChannel[pool size = 0, active threads = 0, queued tasks = 0, completed tasks = 0], outboundChannelpool size = 0, active threads = 0, queued tasks = 0, completed tasks = 0], sockJsScheduler[pool size = 8, active threads = 1, queued tasks = 0, completed tasks = 11]
2018-06-09 20:24:43 -Validating all active sessions...
2018-06-09 20:24:43 -Finished session validation.  No sessions were stopped.
2018-06-09 20:25:33 -WebSocketSession[0 current WS(0)-HttpStream(0)-HttpPoll(0), 0 total, 0 closed abnormally (0 connect failure, 0 send limit, 0 transport error)], stompSubProtocol[processed CONNECT(0)-CONNECTED(0)-DISCONNECT(0)], stompBrokerRelay[null], inboundChannel[pool size = 0, active threads = 0, queued tasks = 0, completed tasks = 0], outboundChannelpool size = 0, active threads = 0, queued tasks = 0, completed tasks = 0], sockJsScheduler[pool size = 8, active threads = 1, queued tasks = 0, completed tasks = 12]
2018-06-09 20:55:33 -WebSocketSession[0 current WS(0)-HttpStream(0)-HttpPoll(0), 0 total, 0 closed abnormally (0 connect failure, 0 send limit, 0 transport error)], stompSubProtocol[processed CONNECT(0)-CONNECTED(0)-DISCONNECT(0)], stompBrokerRelay[null], inboundChannel[pool size = 0, active threads = 0, queued tasks = 0, completed tasks = 0], outboundChannelpool size = 0, active threads = 0, queued tasks = 0, completed tasks = 0], sockJsScheduler[pool size = 8, active threads = 1, queued tasks = 0, completed tasks = 13]
2018-06-09 21:24:43 -Validating all active sessions...
2018-06-09 21:24:43 -Finished session validation.  No sessions were stopped.
2018-06-09 21:25:33 -WebSocketSession[0 current WS(0)-HttpStream(0)-HttpPoll(0), 0 total, 0 closed abnormally (0 connect failure, 0 send limit, 0 transport error)], stompSubProtocol[processed CONNECT(0)-CONNECTED(0)-DISCONNECT(0)], stompBrokerRelay[null], inboundChannel[pool size = 0, active threads = 0, queued tasks = 0, completed tasks = 0], outboundChannelpool size = 0, active threads = 0, queued tasks = 0, completed tasks = 0], sockJsScheduler[pool size = 8, active threads = 1, queued tasks = 0, completed tasks = 14]
2018-06-09 21:55:33 -WebSocketSession[0 current WS(0)-HttpStream(0)-HttpPoll(0), 0 total, 0 closed abnormally (0 connect failure, 0 send limit, 0 transport error)], stompSubProtocol[processed CONNECT(0)-CONNECTED(0)-DISCONNECT(0)], stompBrokerRelay[null], inboundChannel[pool size = 0, active threads = 0, queued tasks = 0, completed tasks = 0], outboundChannelpool size = 0, active threads = 0, queued tasks = 0, completed tasks = 0], sockJsScheduler[pool size = 8, active threads = 1, queued tasks = 0, completed tasks = 15]
2018-06-09 22:08:09 -请求地址 : http://127.0.0.1:8099/
2018-06-09 22:08:09 -HTTP METHOD : GET
2018-06-09 22:08:09 -CLASS_METHOD : com.bootdo.system.controller.LoginController.welcome
2018-06-09 22:08:09 -参数 : [{}]
2018-06-09 22:08:09 -耗时 : 4
2018-06-09 22:08:09 -返回值 : redirect:/blog
2018-06-09 22:08:09 -请求地址 : http://127.0.0.1:8099/blog
2018-06-09 22:08:09 -HTTP METHOD : GET
2018-06-09 22:08:09 -CLASS_METHOD : com.bootdo.blog.controller.BlogController.blog
2018-06-09 22:08:09 -参数 : []
2018-06-09 22:08:09 -耗时 : 1
2018-06-09 22:08:09 -返回值 : blog/index/main
2018-06-09 22:08:09 -请求地址 : http://127.0.0.1:8099/blog/open/list
2018-06-09 22:08:09 -HTTP METHOD : GET
2018-06-09 22:08:09 -CLASS_METHOD : com.bootdo.blog.controller.BlogController.opentList
2018-06-09 22:08:09 -参数 : [{type=article, limit=10, offset=0}]
2018-06-09 22:08:10 -==>  Preparing: select `cid`,`title`,`slug`,`created`,`modified`,`content`,`type`,`tags`,`categories`,`hits`,`comments_num`,`allow_comment`,`allow_ping`,`allow_feed`,`status`,`author`,`gtm_create`,`gtm_modified` from blog_content WHERE type = ? order by cid desc limit 0, 10 
2018-06-09 22:08:10 -==> Parameters: article(String)
2018-06-09 22:08:10 -<==      Total: 10
2018-06-09 22:08:10 -==>  Preparing: select count(*) from blog_content WHERE type = ? 
2018-06-09 22:08:10 -==> Parameters: article(String)
2018-06-09 22:08:10 -<==      Total: 1
2018-06-09 22:08:10 -耗时 : 318
2018-06-09 22:08:10 -返回值 : com.bootdo.common.utils.PageUtils@2d597a07
2018-06-09 22:08:21 -请求地址 : http://127.0.0.1:8099/blog/open/post/119
2018-06-09 22:08:21 -HTTP METHOD : GET
2018-06-09 22:08:21 -CLASS_METHOD : com.bootdo.blog.controller.BlogController.post
2018-06-09 22:08:21 -参数 : [119, {}]
2018-06-09 22:08:21 -==>  Preparing: select `cid`,`title`,`slug`,`created`,`modified`,`content`,`type`,`tags`,`categories`,`hits`,`comments_num`,`allow_comment`,`allow_ping`,`allow_feed`,`status`,`author`,`gtm_create`,`gtm_modified` from blog_content where cid = ? 
2018-06-09 22:08:21 -==> Parameters: 119(Long)
2018-06-09 22:08:21 -<==      Total: 1
2018-06-09 22:08:21 -耗时 : 18
2018-06-09 22:08:21 -返回值 : blog/index/post
